<?xml version="1.0" encoding="UTF-8"?>
<testng-results ignored="1" total="2" passed="1" failed="0" skipped="0">
  <reporter-output>
  </reporter-output>
  <suite started-at="2025-12-03T11:28:46 IST" name="Suite" finished-at="2025-12-03T11:28:46 IST" duration-ms="42">
    <groups>
      <group name="Regression">
        <method signature="sampleTest.virat()[pri:0, instance:demopackage.sampleTest@145f66e3]" name="virat" class="demopackage.sampleTest"/>
      </group> <!-- Regression -->
    </groups>
    <test started-at="2025-12-03T11:28:46 IST" name="Test" finished-at="2025-12-03T11:28:46 IST" duration-ms="42">
      <class name="demopackage.sampleTest">
        <test-method signature="virat()[pri:0, instance:demopackage.sampleTest@145f66e3]" started-at="2025-12-03T11:28:46 IST" name="virat" finished-at="2025-12-03T11:28:46 IST" duration-ms="5" status="PASS">
          <reporter-output>
          </reporter-output>
        </test-method> <!-- virat -->
      </class> <!-- demopackage.sampleTest -->
    </test> <!-- Test -->
  </suite> <!-- Suite -->
</testng-results>
